<?xml version="1.0" encoding="UTF-8"?>
<testsuite xmlns:xsi="http://www.w3.org/2001/XMLSchema-instance" xsi:noNamespaceSchemaLocation="https://maven.apache.org/surefire/maven-surefire-plugin/xsd/surefire-test-report.xsd" name="TestSuite" time="294.768" tests="5" errors="0" skipped="0" failures="0">
  <properties>
[...]
</properties>
  <testcase name="mlShopProfileNameAndDropDownValidation" classname="com.mlwallet.test.MLWalletWebScripts" time="36.628"/>
  <testcase name="shopItemsRingProductPurchaseScenario" classname="com.mlwallet.test.MLWalletWebScripts" time="74.265"/>
  <testcase name="shopItemsProfilePageNavigation" classname="com.mlwallet.test.MLWalletWebScripts" time="36.106"/>
  <testcase name="shopItemsPurchaseHistoryPageNavigation" classname="com.mlwallet.test.MLWalletWebScripts" time="35.622"/>
  <testcase name="shopItemsLogoutValidation" classname="com.mlwallet.test.MLWalletWebScripts" time="65.32"/>
</testsuite>