<?xml version="1.0" encoding="UTF-8"?>
<!-- Generated by org.testng.reporters.JUnitXMLReporter -->
<testsuite ignored="0" hostname="HOTGQA0002" failures="0" tests="5" name="MLWALLET" time="293.225" errors="0" timestamp="2023-09-21T18:40:47 SGT">
  <testcase classname="com.mlwallet.test.MLWalletWebScripts" name="mlShopProfileNameAndDropDownValidation" time="36.627"/>
  <testcase classname="com.mlwallet.test.MLWalletWebScripts" name="shopItemsRingProductPurchaseScenario" time="74.264"/>
  <testcase classname="com.mlwallet.test.MLWalletWebScripts" name="shopItemsProfilePageNavigation" time="36.106"/>
  <testcase classname="com.mlwallet.test.MLWalletWebScripts" name="shopItemsPurchaseHistoryPageNavigation" time="35.622"/>
  <testcase classname="com.mlwallet.test.MLWalletWebScripts" name="shopItemsLogoutValidation" time="65.32"/>
</testsuite> <!-- MLWALLET -->
